<?xml version="1.0" encoding="UTF-8"?>
<!-- Generated by org.testng.reporters.JUnitXMLReporter -->
<testsuite hostname="DESKTOP-1JFAMJF" ignored="6" name="Default test" tests="2" failures="0" timestamp="2021-07-02T14:59:57 IST" time="15.878" errors="0">
  <testcase name="mainLoginButtonClicked" time="0.665" classname="com.mven.qa.testcases.LoginPageTest"/>
  <testcase name="travelFlightsClick" time="2.405" classname="com.mven.qa.testcases.LoginPageTest"/>
  <testcase name="babiesToysPageValidation" time="0.0" classname="com.mven.qa.testcases.LoginPageTest">
    <ignored/>
  </testcase> <!-- babiesToysPageValidation -->
  <testcase name="moveCursorToElectronics" time="0.0" classname="com.mven.qa.testcases.LoginPageTest">
    <ignored/>
  </testcase> <!-- moveCursorToElectronics -->
  <testcase name="validateTheSearchBar" time="0.0" classname="com.mven.qa.testcases.LoginPageTest">
    <ignored/>
  </testcase> <!-- validateTheSearchBar -->
  <testcase name="incorrectLoginCredentials" time="0.0" classname="com.mven.qa.testcases.LoginPageTest">
    <ignored/>
  </testcase> <!-- incorrectLoginCredentials -->
  <testcase name="loginPageTitleTest" time="0.0" classname="com.mven.qa.testcases.LoginPageTest">
    <ignored/>
  </testcase> <!-- loginPageTitleTest -->
  <testcase name="validateLogoImage" time="0.0" classname="com.mven.qa.testcases.LoginPageTest">
    <ignored/>
  </testcase> <!-- validateLogoImage -->
</testsuite> <!-- Default test -->
